\BOOKMARK [0][]{chapter*.1}{\376\377\000L\036\335\000i\000\040\000m\036\337\000\040\001\021\036\247\000u}{}% 1
\BOOKMARK [0][]{chapter*.3}{\376\377\000D\000a\000n\000h\000\040\000s\000\341\000c\000h\000\040\000h\000\354\000n\000h\000\040\000v\036\275}{}% 2
\BOOKMARK [0][]{chapter*.4}{\376\377\000D\000a\000n\000h\000\040\000s\000\341\000c\000h\000\040\000b\036\243\000n\000g}{}% 3
\BOOKMARK [0][]{chapter.1}{\376\377\0001\000\040\000G\000i\036\333\000i\000\040\000t\000h\000i\036\307\000u}{}% 4
\BOOKMARK [1][]{section.1.1}{\376\377\0001\000.\0001\000\040\000T\036\325\000n\000g\000\040\000q\000u\000a\000n\000\040\000d\036\361\000\040\000\341\000n}{chapter.1}% 5
\BOOKMARK [1][]{section.1.2}{\376\377\0001\000.\0002\000\040\000T\000h\000\364\000n\000g\000\040\000t\000i\000n\000\040\000d\036\361\000\040\000\341\000n}{chapter.1}% 6
\BOOKMARK [1][]{section.1.3}{\376\377\0001\000.\0003\000\040\000B\036\321\000i\000\040\000c\036\243\000n\000h\000\040\000s\036\243\000n\000\040\000p\000h\036\251\000m}{chapter.1}% 7
\BOOKMARK [1][]{section.1.4}{\376\377\0001\000.\0004\000\040\000H\036\307\000\040\000t\000h\036\321\000n\000g\000\040\000h\000i\036\307\000n\000\040\000c\000\363\000\040\000v\000\340\000\040\000h\036\241\000n\000\040\000c\000h\036\277}{chapter.1}% 8
\BOOKMARK [1][]{section.1.5}{\376\377\0001\000.\0005\000\040\000C\001\241\000\040\000h\036\331\000i\000\040\000n\000g\000h\000i\036\307\000p\000\040\000v\036\345}{chapter.1}% 9
\BOOKMARK [1][]{section.1.6}{\376\377\0001\000.\0006\000\040\000T\036\247\000m\000\040\000n\000h\000\354\000n\000\040\000s\036\243\000n\000\040\000p\000h\036\251\000m}{chapter.1}% 10
\BOOKMARK [1][]{section.1.7}{\376\377\0001\000.\0007\000\040\000M\036\345\000c\000\040\001\021\000\355\000c\000h\000\040\000c\036\347\000a\000\040\000t\000\340\000i\000\040\000l\000i\036\307\000u}{chapter.1}% 11
\BOOKMARK [1][]{section.1.8}{\376\377\0001\000.\0008\000\040\000P\000h\036\241\000m\000\040\000v\000i\000\040\000h\036\307\000\040\000t\000h\036\321\000n\000g}{chapter.1}% 12
\BOOKMARK [2][]{subsection.1.8.1}{\376\377\0001\000.\0008\000.\0001\000\040\000C\000h\036\351\000c\000\040\000n\001\003\000n\000g\000\040\000d\000\340\000n\000h\000\040\000c\000h\000o\000\040\000d\000o\000a\000n\000h\000\040\000n\000g\000h\000i\036\307\000p}{section.1.8}% 13
\BOOKMARK [2][]{subsection.1.8.2}{\376\377\0001\000.\0008\000.\0002\000\040\000C\000h\036\351\000c\000\040\000n\001\003\000n\000g\000\040\000d\000\340\000n\000h\000\040\000c\000h\000o\000\040\000c\000h\000u\000y\000\352\000n\000\040\000g\000i\000a\000\040\000A\000I}{section.1.8}% 14
\BOOKMARK [2][]{subsection.1.8.3}{\376\377\0001\000.\0008\000.\0003\000\040\000C\000h\036\351\000c\000\040\000n\001\003\000n\000g\000\040\000d\000\340\000n\000h\000\040\000c\000h\000o\000\040\000q\000u\036\243\000n\000\040\000t\000r\036\313\000\040\000v\000i\000\352\000n}{section.1.8}% 15
\BOOKMARK [1][]{section.1.9}{\376\377\0001\000.\0009\000\040\000G\000i\036\333\000i\000\040\000h\036\241\000n\000\040\000v\000\340\000\040\000l\000o\036\241\000i\000\040\000t\000r\036\353}{chapter.1}% 16
\BOOKMARK [1][]{section.1.10}{\376\377\0001\000.\0001\0000\000\040\001\020\036\321\000i\000\040\000t\001\260\036\343\000n\000g\000\040\000s\036\355\000\040\000d\036\345\000n\000g\000\040\000t\000\340\000i\000\040\000l\000i\036\307\000u}{chapter.1}% 17
\BOOKMARK [1][]{section.1.11}{\376\377\0001\000.\0001\0001\000\040\001\020\036\313\000n\000h\000\040\000n\000g\000h\001\051\000a\000\040\000v\000\340\000\040\000t\036\353\000\040\000v\000i\036\277\000t\000\040\000t\036\257\000t}{chapter.1}% 18
\BOOKMARK [1][]{section.1.12}{\376\377\0001\000.\0001\0002\000\040\000T\000\340\000i\000\040\000l\000i\036\307\000u\000\040\000t\000h\000a\000m\000\040\000k\000h\036\243\000o}{chapter.1}% 19
\BOOKMARK [1][]{section.1.13}{\376\377\0001\000.\0001\0003\000\040\000Q\000u\000y\000\040\001\260\036\333\000c\000\040\000t\000r\000\354\000n\000h\000\040\000b\000\340\000y}{chapter.1}% 20
\BOOKMARK [1][]{section.1.14}{\376\377\0001\000.\0001\0004\000\040\000C\036\245\000u\000\040\000t\000r\000\372\000c\000\040\000t\000\340\000i\000\040\000l\000i\036\307\000u}{chapter.1}% 21
\BOOKMARK [0][]{chapter.2}{\376\377\0002\000\040\000M\000\364\000\040\000t\036\243\000\040\000t\036\325\000n\000g\000\040\000q\000u\000a\000n\000\040\000h\036\307\000\040\000t\000h\036\321\000n\000g}{}% 22
\BOOKMARK [1][]{section.2.1}{\376\377\0002\000.\0001\000\040\000G\000i\036\333\000i\000\040\000t\000h\000i\036\307\000u}{chapter.2}% 23
\BOOKMARK [1][]{section.2.2}{\376\377\0002\000.\0002\000\040\000G\000\363\000c\000\040\000n\000h\000\354\000n\000\040\000s\036\243\000n\000\040\000p\000h\036\251\000m}{chapter.2}% 24
\BOOKMARK [1][]{section.2.3}{\376\377\0002\000.\0003\000\040\000C\000h\036\351\000c\000\040\000n\001\003\000n\000g\000\040\000c\000h\000\355\000n\000h}{chapter.2}% 25
\BOOKMARK [1][]{section.2.4}{\376\377\0002\000.\0004\000\040\000N\000h\000\363\000m\000\040\000n\000g\001\260\036\335\000i\000\040\000d\000\371\000n\000g}{chapter.2}% 26
\BOOKMARK [2][]{subsection.2.4.1}{\376\377\0002\000.\0004\000.\0001\000\040\000D\000o\000a\000n\000h\000\040\000n\000g\000h\000i\036\307\000p}{section.2.4}% 27
\BOOKMARK [2][]{subsection.2.4.2}{\376\377\0002\000.\0004\000.\0002\000\040\000C\000h\000u\000y\000\352\000n\000\040\000g\000i\000a\000\040\000A\000I}{section.2.4}% 28
\BOOKMARK [2][]{subsection.2.4.3}{\376\377\0002\000.\0004\000.\0003\000\040\000Q\000u\036\243\000n\000\040\000t\000r\036\313\000\040\000v\000i\000\352\000n}{section.2.4}% 29
\BOOKMARK [1][]{section.2.5}{\376\377\0002\000.\0005\000\040\000M\000\364\000i\000\040\000t\000r\001\260\036\335\000n\000g\000\040\000h\000o\036\241\000t\000\040\001\021\036\331\000n\000g}{chapter.2}% 30
\BOOKMARK [1][]{section.2.6}{\376\377\0002\000.\0006\000\040\000R\000\340\000n\000g\000\040\000b\000u\036\331\000c\000\040\000h\036\307\000\040\000t\000h\036\321\000n\000g}{chapter.2}% 31
\BOOKMARK [1][]{section.2.7}{\376\377\0002\000.\0007\000\040\000G\000i\036\243\000\040\001\021\036\313\000n\000h}{chapter.2}% 32
\BOOKMARK [1][]{section.2.8}{\376\377\0002\000.\0008\000\040\001\020\036\267\000c\000\040\001\021\000i\036\303\000m\000\040\000n\000g\001\260\036\335\000i\000\040\000d\000\371\000n\000g}{chapter.2}% 33
\BOOKMARK [1][]{section.2.9}{\376\377\0002\000.\0009\000\040\000Q\000u\000y\000\040\000t\036\257\000c\000\040\000n\000g\000h\000i\036\307\000p\000\040\000v\036\345}{chapter.2}% 34
\BOOKMARK [1][]{section.2.10}{\376\377\0002\000.\0001\0000\000\040\000Y\000\352\000u\000\040\000c\036\247\000u\000\040\000t\036\325\000n\000g\000\040\000q\000u\000\341\000t}{chapter.2}% 35
\BOOKMARK [2][]{subsection.2.10.1}{\376\377\0002\000.\0001\0000\000.\0001\000\040\000H\000i\036\307\000u\000\040\000n\001\003\000n\000g}{section.2.10}% 36
\BOOKMARK [2][]{subsection.2.10.2}{\376\377\0002\000.\0001\0000\000.\0002\000\040\000B\036\243\000o\000\040\000m\036\255\000t}{section.2.10}% 37
\BOOKMARK [2][]{subsection.2.10.3}{\376\377\0002\000.\0001\0000\000.\0003\000\040\000K\000h\036\243\000\040\000n\001\003\000n\000g\000\040\000m\036\337\000\040\000r\036\331\000n\000g}{section.2.10}% 38
\BOOKMARK [1][]{section.2.11}{\376\377\0002\000.\0001\0001\000\040\000K\036\277\000t\000\040\000l\000u\036\255\000n}{chapter.2}% 39
\BOOKMARK [0][]{chapter.3}{\376\377\0003\000\040\000K\000i\036\277\000n\000\040\000t\000r\000\372\000c\000\040\000h\036\307\000\040\000t\000h\036\321\000n\000g}{}% 40
\BOOKMARK [1][]{section.3.1}{\376\377\0003\000.\0001\000\040\000G\000i\036\333\000i\000\040\000t\000h\000i\036\307\000u}{chapter.3}% 41
\BOOKMARK [1][]{section.3.2}{\376\377\0003\000.\0002\000\040\000N\000g\000u\000y\000\352\000n\000\040\000t\036\257\000c\000\040\000t\000h\000i\036\277\000t\000\040\000k\036\277\000\040\000k\000i\036\277\000n\000\040\000t\000r\000\372\000c}{chapter.3}% 42
\BOOKMARK [1][]{section.3.3}{\376\377\0003\000.\0003\000\040\000K\000i\036\277\000n\000\040\000t\000r\000\372\000c\000\040\000t\036\325\000n\000g\000\040\000t\000h\036\303}{chapter.3}% 43
\BOOKMARK [2][]{subsection.3.3.1}{\376\377\0003\000.\0003\000.\0001\000\040\000P\000r\000e\000s\000e\000n\000t\000a\000t\000i\000o\000n\000\040\000L\000a\000y\000e\000r}{section.3.3}% 44
\BOOKMARK [2][]{subsection.3.3.2}{\376\377\0003\000.\0003\000.\0002\000\040\000A\000P\000I\000\040\000L\000a\000y\000e\000r}{section.3.3}% 45
\BOOKMARK [2][]{subsection.3.3.3}{\376\377\0003\000.\0003\000.\0003\000\040\000B\000u\000s\000i\000n\000e\000s\000s\000\040\000S\000e\000r\000v\000i\000c\000e\000\040\000L\000a\000y\000e\000r}{section.3.3}% 46
\BOOKMARK [2][]{subsection.3.3.4}{\376\377\0003\000.\0003\000.\0004\000\040\000D\000a\000t\000a\000\040\000A\000c\000c\000e\000s\000s\000\040\000L\000a\000y\000e\000r}{section.3.3}% 47
\BOOKMARK [2][]{subsection.3.3.5}{\376\377\0003\000.\0003\000.\0005\000\040\000I\000n\000f\000r\000a\000s\000t\000r\000u\000c\000t\000u\000r\000e\000\040\000L\000a\000y\000e\000r}{section.3.3}% 48
\BOOKMARK [1][]{section.3.4}{\376\377\0003\000.\0004\000\040\000C\000o\000n\000t\000e\000x\000t\000\040\000D\000i\000a\000g\000r\000a\000m}{chapter.3}% 49
\BOOKMARK [2][]{subsection.3.4.1}{\376\377\0003\000.\0004\000.\0001\000\040\000D\000o\000a\000n\000h\000\040\000n\000g\000h\000i\036\307\000p}{section.3.4}% 50
\BOOKMARK [2][]{subsection.3.4.2}{\376\377\0003\000.\0004\000.\0002\000\040\000C\000h\000u\000y\000\352\000n\000\040\000g\000i\000a\000\040\000A\000I}{section.3.4}% 51
\BOOKMARK [2][]{subsection.3.4.3}{\376\377\0003\000.\0004\000.\0003\000\040\000Q\000u\036\243\000n\000\040\000t\000r\036\313\000\040\000v\000i\000\352\000n}{section.3.4}% 52
\BOOKMARK [2][]{subsection.3.4.4}{\376\377\0003\000.\0004\000.\0004\000\040\000C\000\341\000c\000\040\000h\036\307\000\040\000t\000h\036\321\000n\000g\000\040\000b\000\352\000n\000\040\000n\000g\000o\000\340\000i}{section.3.4}% 53
\BOOKMARK [1][]{section.3.5}{\376\377\0003\000.\0005\000\040\000C\000o\000m\000p\000o\000n\000e\000n\000t\000\040\000D\000i\000a\000g\000r\000a\000m}{chapter.3}% 54
\BOOKMARK [2][]{subsection.3.5.1}{\376\377\0003\000.\0005\000.\0001\000\040\000R\000e\000a\000c\000t\000\040\000W\000e\000b\000\040\000A\000p\000p\000l\000i\000c\000a\000t\000i\000o\000n}{section.3.5}% 55
\BOOKMARK [2][]{subsection.3.5.2}{\376\377\0003\000.\0005\000.\0002\000\040\000R\000E\000S\000T\000\040\000A\000P\000I}{section.3.5}% 56
\BOOKMARK [2][]{subsection.3.5.3}{\376\377\0003\000.\0005\000.\0003\000\040\000A\000u\000t\000h\000e\000n\000t\000i\000c\000a\000t\000i\000o\000n\000\040\000M\000o\000d\000u\000l\000e}{section.3.5}% 57
\BOOKMARK [2][]{subsection.3.5.4}{\376\377\0003\000.\0005\000.\0004\000\040\000U\000s\000e\000r\000\040\000M\000a\000n\000a\000g\000e\000m\000e\000n\000t\000\040\000M\000o\000d\000u\000l\000e}{section.3.5}% 58
\BOOKMARK [2][]{subsection.3.5.5}{\376\377\0003\000.\0005\000.\0005\000\040\000P\000r\000o\000j\000e\000c\000t\000\040\000M\000a\000n\000a\000g\000e\000m\000e\000n\000t\000\040\000M\000o\000d\000u\000l\000e}{section.3.5}% 59
\BOOKMARK [2][]{subsection.3.5.6}{\376\377\0003\000.\0005\000.\0006\000\040\000P\000r\000o\000p\000o\000s\000a\000l\000\040\000M\000a\000n\000a\000g\000e\000m\000e\000n\000t\000\040\000M\000o\000d\000u\000l\000e}{section.3.5}% 60
\BOOKMARK [2][]{subsection.3.5.7}{\376\377\0003\000.\0005\000.\0007\000\040\000C\000o\000n\000t\000r\000a\000c\000t\000\040\000a\000n\000d\000\040\000M\000i\000l\000e\000s\000t\000o\000n\000e\000\040\000M\000o\000d\000u\000l\000e}{section.3.5}% 61
\BOOKMARK [2][]{subsection.3.5.8}{\376\377\0003\000.\0005\000.\0008\000\040\000P\000a\000y\000m\000e\000n\000t\000\040\000M\000o\000d\000u\000l\000e}{section.3.5}% 62
\BOOKMARK [2][]{subsection.3.5.9}{\376\377\0003\000.\0005\000.\0009\000\040\000R\000e\000v\000i\000e\000w\000\040\000M\000o\000d\000u\000l\000e}{section.3.5}% 63
\BOOKMARK [2][]{subsection.3.5.10}{\376\377\0003\000.\0005\000.\0001\0000\000\040\000M\000e\000s\000s\000a\000g\000i\000n\000g\000\040\000a\000n\000d\000\040\000N\000o\000t\000i\000f\000i\000c\000a\000t\000i\000o\000n\000\040\000M\000o\000d\000u\000l\000e}{section.3.5}% 64
\BOOKMARK [2][]{subsection.3.5.11}{\376\377\0003\000.\0005\000.\0001\0001\000\040\000F\000i\000l\000e\000\040\000U\000p\000l\000o\000a\000d\000\040\000M\000o\000d\000u\000l\000e}{section.3.5}% 65
\BOOKMARK [2][]{subsection.3.5.12}{\376\377\0003\000.\0005\000.\0001\0002\000\040\000S\000Q\000L\000A\000l\000c\000h\000e\000m\000y\000\040\000R\000e\000p\000o\000s\000i\000t\000o\000r\000y}{section.3.5}% 66
\BOOKMARK [1][]{section.3.6}{\376\377\0003\000.\0006\000\040\000D\000e\000p\000l\000o\000y\000m\000e\000n\000t\000\040\000D\000i\000a\000g\000r\000a\000m}{chapter.3}% 67
\BOOKMARK [2][]{subsection.3.6.1}{\376\377\0003\000.\0006\000.\0001\000\040\000C\000l\000i\000e\000n\000t\000\040\000D\000e\000v\000i\000c\000e}{section.3.6}% 68
\BOOKMARK [2][]{subsection.3.6.2}{\376\377\0003\000.\0006\000.\0002\000\040\000F\000r\000o\000n\000t\000e\000n\000d\000\040\000H\000o\000s\000t\000i\000n\000g}{section.3.6}% 69
\BOOKMARK [2][]{subsection.3.6.3}{\376\377\0003\000.\0006\000.\0003\000\040\000B\000a\000c\000k\000e\000n\000d\000\040\000A\000p\000p\000l\000i\000c\000a\000t\000i\000o\000n\000\040\000S\000e\000r\000v\000e\000r}{section.3.6}% 70
\BOOKMARK [2][]{subsection.3.6.4}{\376\377\0003\000.\0006\000.\0004\000\040\000D\000a\000t\000a\000b\000a\000s\000e\000\040\000S\000e\000r\000v\000e\000r}{section.3.6}% 71
\BOOKMARK [2][]{subsection.3.6.5}{\376\377\0003\000.\0006\000.\0005\000\040\000P\000a\000y\000m\000e\000n\000t\000\040\000P\000r\000o\000v\000i\000d\000e\000r}{section.3.6}% 72
\BOOKMARK [2][]{subsection.3.6.6}{\376\377\0003\000.\0006\000.\0006\000\040\000E\000m\000a\000i\000l\000\040\000P\000r\000o\000v\000i\000d\000e\000r}{section.3.6}% 73
\BOOKMARK [2][]{subsection.3.6.7}{\376\377\0003\000.\0006\000.\0007\000\040\000A\000z\000u\000r\000e\000\040\000B\000l\000o\000b\000\040\000S\000t\000o\000r\000a\000g\000e}{section.3.6}% 74
\BOOKMARK [1][]{section.3.7}{\376\377\0003\000.\0007\000\040\000L\000u\036\323\000n\000g\000\040\000x\036\355\000\040\000l\000\375\000\040\000y\000\352\000u\000\040\000c\036\247\000u}{chapter.3}% 75
\BOOKMARK [1][]{section.3.8}{\376\377\0003\000.\0008\000\040\000G\000i\000a\000o\000\040\000t\000i\036\277\000p\000\040\000g\000i\036\357\000a\000\040\000c\000\341\000c\000\040\000t\000h\000\340\000n\000h\000\040\000p\000h\036\247\000n}{chapter.3}% 76
\BOOKMARK [1][]{section.3.9}{\376\377\0003\000.\0009\000\040\000K\000i\036\277\000n\000\040\000t\000r\000\372\000c\000\040\000b\036\243\000o\000\040\000m\036\255\000t}{chapter.3}% 77
\BOOKMARK [1][]{section.3.10}{\376\377\0003\000.\0001\0000\000\040\000Q\000u\036\243\000n\000\040\000l\000\375\000\040\000l\036\327\000i\000\040\000v\000\340\000\040\000t\000r\000a\000n\000s\000a\000c\000t\000i\000o\000n}{chapter.3}% 78
\BOOKMARK [1][]{section.3.11}{\376\377\0003\000.\0001\0001\000\040\000K\000h\036\243\000\040\000n\001\003\000n\000g\000\040\000m\036\337\000\040\000r\036\331\000n\000g\000\040\000v\000\340\000\040\000b\036\243\000o\000\040\000t\000r\000\354}{chapter.3}% 79
\BOOKMARK [1][]{section.3.12}{\376\377\0003\000.\0001\0002\000\040\000C\000\364\000n\000g\000\040\000n\000g\000h\036\307\000\040\000s\036\355\000\040\000d\036\345\000n\000g}{chapter.3}% 80
\BOOKMARK [1][]{section.3.13}{\376\377\0003\000.\0001\0003\000\040\001\257\000u\000\040\001\021\000i\036\303\000m\000\040\000v\000\340\000\040\000h\036\241\000n\000\040\000c\000h\036\277}{chapter.3}% 81
\BOOKMARK [2][]{subsection.3.13.1}{\376\377\0003\000.\0001\0003\000.\0001\000\040\001\257\000u\000\040\001\021\000i\036\303\000m}{section.3.13}% 82
\BOOKMARK [2][]{subsection.3.13.2}{\376\377\0003\000.\0001\0003\000.\0002\000\040\000H\036\241\000n\000\040\000c\000h\036\277}{section.3.13}% 83
\BOOKMARK [1][]{section.3.14}{\376\377\0003\000.\0001\0004\000\040\000K\036\277\000t\000\040\000l\000u\036\255\000n}{chapter.3}% 84
\BOOKMARK [0][]{chapter.4}{\376\377\0004\000\040\000Y\000\352\000u\000\040\000c\036\247\000u\000\040\000c\000h\036\351\000c\000\040\000n\001\003\000n\000g\000\040\000v\000\340\000\040\001\021\036\267\000c\000\040\000t\036\243\000\040\000U\000s\000e\000\040\000C\000a\000s\000e}{}% 85
\BOOKMARK [1][]{section.4.1}{\376\377\0004\000.\0001\000\040\000G\000i\036\333\000i\000\040\000t\000h\000i\036\307\000u}{chapter.4}% 86
\BOOKMARK [1][]{section.4.2}{\376\377\0004\000.\0002\000\040\000T\000\341\000c\000\040\000n\000h\000\342\000n\000\040\000h\036\307\000\040\000t\000h\036\321\000n\000g}{chapter.4}% 87
\BOOKMARK [1][]{section.4.3}{\376\377\0004\000.\0003\000\040\000S\001\241\000\040\001\021\036\323\000\040\000U\000s\000e\000\040\000C\000a\000s\000e\000\040\000t\036\325\000n\000g\000\040\000q\000u\000\341\000t}{chapter.4}% 88
\BOOKMARK [1][]{section.4.4}{\376\377\0004\000.\0004\000\040\000D\000a\000n\000h\000\040\000s\000\341\000c\000h\000\040\000y\000\352\000u\000\040\000c\036\247\000u\000\040\000c\000h\036\351\000c\000\040\000n\001\003\000n\000g}{chapter.4}% 89
\BOOKMARK [2][]{subsection.4.4.1}{\376\377\0004\000.\0004\000.\0001\000\040\000N\000h\000\363\000m\000\040\000x\000\341\000c\000\040\000t\000h\036\361\000c\000\040\000v\000\340\000\040\000t\000\340\000i\000\040\000k\000h\000o\036\243\000n}{section.4.4}% 90
\BOOKMARK [2][]{subsection.4.4.2}{\376\377\0004\000.\0004\000.\0002\000\040\000N\000h\000\363\000m\000\040\000h\036\323\000\040\000s\001\241\000\040\000d\000o\000a\000n\000h\000\040\000n\000g\000h\000i\036\307\000p\000\040\000v\000\340\000\040\000c\000h\000u\000y\000\352\000n\000\040\000g\000i\000a}{section.4.4}% 91
\BOOKMARK [2][]{subsection.4.4.3}{\376\377\0004\000.\0004\000.\0003\000\040\000N\000h\000\363\000m\000\040\000q\000u\036\243\000n\000\040\000l\000\375\000\040\000d\036\361\000\040\000\341\000n}{section.4.4}% 92
\BOOKMARK [2][]{subsection.4.4.4}{\376\377\0004\000.\0004\000.\0004\000\040\000N\000h\000\363\000m\000\040\000q\000u\036\243\000n\000\040\000l\000\375\000\040\000P\000r\000o\000p\000o\000s\000a\000l}{section.4.4}% 93
\BOOKMARK [2][]{subsection.4.4.5}{\376\377\0004\000.\0004\000.\0005\000\040\000N\000h\000\363\000m\000\040\000h\036\343\000p\000\040\001\021\036\323\000n\000g\000\040\000v\000\340\000\040\000m\000i\000l\000e\000s\000t\000o\000n\000e}{section.4.4}% 94
\BOOKMARK [2][]{subsection.4.4.6}{\376\377\0004\000.\0004\000.\0006\000\040\000N\000h\000\363\000m\000\040\000t\000h\000a\000n\000h\000\040\000t\000o\000\341\000n}{section.4.4}% 95
\BOOKMARK [2][]{subsection.4.4.7}{\376\377\0004\000.\0004\000.\0007\000\040\000N\000h\000\363\000m\000\040\000t\000r\000a\000o\000\040\001\021\036\325\000i\000,\000\040\000t\000h\000\364\000n\000g\000\040\000b\000\341\000o\000\040\000v\000\340\000\040\001\021\000\341\000n\000h\000\040\000g\000i\000\341}{section.4.4}% 96
\BOOKMARK [2][]{subsection.4.4.8}{\376\377\0004\000.\0004\000.\0008\000\040\000N\000h\000\363\000m\000\040\000q\000u\036\243\000n\000\040\000t\000r\036\313\000\040\000v\000\340\000\040\000t\000h\036\321\000n\000g\000\040\000k\000\352}{section.4.4}% 97
\BOOKMARK [1][]{section.4.5}{\376\377\0004\000.\0005\000\040\001\020\036\267\000c\000\040\000t\036\243\000\040\000U\000s\000e\000\040\000C\000a\000s\000e\000\040\000c\000h\000i\000\040\000t\000i\036\277\000t}{chapter.4}% 98
\BOOKMARK [2][]{subsection.4.5.1}{\376\377\0004\000.\0005\000.\0001\000\040\000U\000C\000-\0000\0001\000:\000\040\001\020\001\003\000n\000g\000\040\000n\000h\036\255\000p}{section.4.5}% 99
\BOOKMARK [2][]{subsection.4.5.2}{\376\377\0004\000.\0005\000.\0002\000\040\000U\000C\000-\0000\0002\000:\000\040\001\020\001\003\000n\000g\000\040\000k\000\375\000\040\000t\000\340\000i\000\040\000k\000h\000o\036\243\000n}{section.4.5}% 100
\BOOKMARK [2][]{subsection.4.5.3}{\376\377\0004\000.\0005\000.\0003\000\040\000U\000C\000-\0000\0003\000:\000\040\000T\036\241\000o\000\040\000d\036\361\000\040\000\341\000n}{section.4.5}% 101
\BOOKMARK [2][]{subsection.4.5.4}{\376\377\0004\000.\0005\000.\0004\000\040\000U\000C\000-\0000\0004\000:\000\040\000T\000\354\000m\000\040\000k\000i\036\277\000m\000\040\000d\036\361\000\040\000\341\000n}{section.4.5}% 102
\BOOKMARK [2][]{subsection.4.5.5}{\376\377\0004\000.\0005\000.\0005\000\040\000U\000C\000-\0000\0005\000:\000\040\000G\036\355\000i\000\040\000P\000r\000o\000p\000o\000s\000a\000l}{section.4.5}% 103
\BOOKMARK [2][]{subsection.4.5.6}{\376\377\0004\000.\0005\000.\0006\000\040\000U\000C\000-\0000\0006\000:\000\040\000C\000h\036\245\000p\000\040\000n\000h\036\255\000n\000\040\000P\000r\000o\000p\000o\000s\000a\000l\000\040\000v\000\340\000\040\000t\000h\000u\000\352\000\040\000c\000h\000u\000y\000\352\000n\000\040\000g\000i\000a}{section.4.5}% 104
\BOOKMARK [2][]{subsection.4.5.7}{\376\377\0004\000.\0005\000.\0007\000\040\000U\000C\000-\0000\0007\000:\000\040\000Q\000u\036\243\000n\000\040\000l\000\375\000\040\000M\000i\000l\000e\000s\000t\000o\000n\000e}{section.4.5}% 105
\BOOKMARK [2][]{subsection.4.5.8}{\376\377\0004\000.\0005\000.\0008\000\040\000U\000C\000-\0000\0008\000:\000\040\000T\000h\000a\000n\000h\000\040\000t\000o\000\341\000n\000\040\000M\000i\000l\000e\000s\000t\000o\000n\000e}{section.4.5}% 106
\BOOKMARK [2][]{subsection.4.5.9}{\376\377\0004\000.\0005\000.\0009\000\040\000U\000C\000-\0000\0009\000:\000\040\000G\036\355\000i\000\040\000t\000i\000n\000\040\000n\000h\036\257\000n}{section.4.5}% 107
\BOOKMARK [2][]{subsection.4.5.10}{\376\377\0004\000.\0005\000.\0001\0000\000\040\000U\000C\000-\0001\0000\000:\000\040\000T\036\241\000o\000\040\000R\000e\000v\000i\000e\000w}{section.4.5}% 108
\BOOKMARK [2][]{subsection.4.5.11}{\376\377\0004\000.\0005\000.\0001\0001\000\040\000U\000C\000-\0001\0001\000:\000\040\000Q\000u\036\243\000n\000\040\000l\000\375\000\040\000n\000g\001\260\036\335\000i\000\040\000d\000\371\000n\000g}{section.4.5}% 109
\BOOKMARK [2][]{subsection.4.5.12}{\376\377\0004\000.\0005\000.\0001\0002\000\040\000U\000C\000-\0001\0002\000:\000\040\000Q\000u\036\243\000n\000\040\000l\000\375\000\040\000d\000a\000n\000h\000\040\000m\036\345\000c}{section.4.5}% 110
\BOOKMARK [2][]{subsection.4.5.13}{\376\377\0004\000.\0005\000.\0001\0003\000\040\000U\000C\000-\0001\0003\000:\000\040\000X\000e\000m\000\040\000t\000h\036\321\000n\000g\000\040\000k\000\352\000\040\000h\036\307\000\040\000t\000h\036\321\000n\000g}{section.4.5}% 111
\BOOKMARK [1][]{section.4.6}{\376\377\0004\000.\0006\000\040\000Q\000u\000y\000\040\000t\036\257\000c\000\040\000n\000g\000h\000i\036\307\000p\000\040\000v\036\345}{chapter.4}% 112
\BOOKMARK [1][]{section.4.7}{\376\377\0004\000.\0007\000\040\000Q\000u\000y\000\040\000t\036\257\000c\000\040\000k\000i\036\303\000m\000\040\000t\000r\000a\000\040\000d\036\357\000\040\000l\000i\036\307\000u}{chapter.4}% 113
\BOOKMARK [1][]{section.4.8}{\376\377\0004\000.\0008\000\040\000M\000a\000\040\000t\000r\036\255\000n\000\040\000t\000r\000u\000y\000\040\000v\036\277\000t\000\040\000y\000\352\000u\000\040\000c\036\247\000u}{chapter.4}% 114
\BOOKMARK [1][]{section.4.9}{\376\377\0004\000.\0009\000\040\000K\036\277\000t\000\040\000l\000u\036\255\000n}{chapter.4}% 115
\BOOKMARK [0][]{chapter.5}{\376\377\0005\000\040\000T\000h\000i\036\277\000t\000\040\000k\036\277\000\040\000c\001\241\000\040\000s\036\337\000\040\000d\036\357\000\040\000l\000i\036\307\000u}{}% 116
\BOOKMARK [1][]{section.5.1}{\376\377\0005\000.\0001\000\040\000G\000i\036\333\000i\000\040\000t\000h\000i\036\307\000u}{chapter.5}% 117
\BOOKMARK [1][]{section.5.2}{\376\377\0005\000.\0002\000\040\000M\036\345\000c\000\040\000t\000i\000\352\000u\000\040\000t\000h\000i\036\277\000t\000\040\000k\036\277}{chapter.5}% 118
\BOOKMARK [1][]{section.5.3}{\376\377\0005\000.\0003\000\040\000E\000n\000t\000i\000t\000y\000\040\000R\000e\000l\000a\000t\000i\000o\000n\000s\000h\000i\000p\000\040\000D\000i\000a\000g\000r\000a\000m}{chapter.5}% 119
\BOOKMARK [1][]{section.5.4}{\376\377\0005\000.\0004\000\040\000C\000l\000a\000s\000s\000\040\000D\000i\000a\000g\000r\000a\000m}{chapter.5}% 120
\BOOKMARK [1][]{section.5.5}{\376\377\0005\000.\0005\000\040\000C\000\341\000c\000\040\000t\000h\036\361\000c\000\040\000t\000h\036\303\000\040\000c\000h\000\355\000n\000h}{chapter.5}% 121
\BOOKMARK [2][]{subsection.5.5.1}{\376\377\0005\000.\0005\000.\0001\000\040\000U\000s\000e\000r}{section.5.5}% 122
\BOOKMARK [2][]{subsection.5.5.2}{\376\377\0005\000.\0005\000.\0002\000\040\000E\000n\000t\000e\000r\000p\000r\000i\000s\000e}{section.5.5}% 123
\BOOKMARK [2][]{subsection.5.5.3}{\376\377\0005\000.\0005\000.\0003\000\040\000E\000x\000p\000e\000r\000t}{section.5.5}% 124
\BOOKMARK [2][]{subsection.5.5.4}{\376\377\0005\000.\0005\000.\0004\000\040\000C\000a\000t\000e\000g\000o\000r\000y}{section.5.5}% 125
\BOOKMARK [2][]{subsection.5.5.5}{\376\377\0005\000.\0005\000.\0005\000\040\000P\000r\000o\000j\000e\000c\000t}{section.5.5}% 126
\BOOKMARK [2][]{subsection.5.5.6}{\376\377\0005\000.\0005\000.\0006\000\040\000P\000r\000o\000j\000e\000c\000t\000F\000i\000l\000e}{section.5.5}% 127
\BOOKMARK [2][]{subsection.5.5.7}{\376\377\0005\000.\0005\000.\0007\000\040\000P\000r\000o\000p\000o\000s\000a\000l}{section.5.5}% 128
\BOOKMARK [2][]{subsection.5.5.8}{\376\377\0005\000.\0005\000.\0008\000\040\000C\000o\000n\000t\000r\000a\000c\000t}{section.5.5}% 129
\BOOKMARK [2][]{subsection.5.5.9}{\376\377\0005\000.\0005\000.\0009\000\040\000M\000i\000l\000e\000s\000t\000o\000n\000e}{section.5.5}% 130
\BOOKMARK [2][]{subsection.5.5.10}{\376\377\0005\000.\0005\000.\0001\0000\000\040\000P\000a\000y\000m\000e\000n\000t}{section.5.5}% 131
\BOOKMARK [2][]{subsection.5.5.11}{\376\377\0005\000.\0005\000.\0001\0001\000\040\000C\000o\000n\000v\000e\000r\000s\000a\000t\000i\000o\000n}{section.5.5}% 132
\BOOKMARK [2][]{subsection.5.5.12}{\376\377\0005\000.\0005\000.\0001\0002\000\040\000M\000e\000s\000s\000a\000g\000e}{section.5.5}% 133
\BOOKMARK [2][]{subsection.5.5.13}{\376\377\0005\000.\0005\000.\0001\0003\000\040\000R\000e\000v\000i\000e\000w}{section.5.5}% 134
\BOOKMARK [2][]{subsection.5.5.14}{\376\377\0005\000.\0005\000.\0001\0004\000\040\000N\000o\000t\000i\000f\000i\000c\000a\000t\000i\000o\000n}{section.5.5}% 135
\BOOKMARK [2][]{subsection.5.5.15}{\376\377\0005\000.\0005\000.\0001\0005\000\040\000S\000k\000i\000l\000l\000\040\000v\000\340\000\040\000E\000x\000p\000e\000r\000t\000S\000k\000i\000l\000l}{section.5.5}% 136
\BOOKMARK [1][]{section.5.6}{\376\377\0005\000.\0006\000\040\000Q\000u\000a\000n\000\040\000h\036\307\000\040\000g\000i\036\357\000a\000\040\000c\000\341\000c\000\040\000b\036\243\000n\000g}{chapter.5}% 137
\BOOKMARK [1][]{section.5.7}{\376\377\0005\000.\0007\000\040\000T\036\353\000\040\001\021\000i\036\303\000n\000\040\000d\036\357\000\040\000l\000i\036\307\000u}{chapter.5}% 138
\BOOKMARK [1][]{section.5.8}{\376\377\0005\000.\0008\000\040\000C\000\341\000c\000\040\000r\000\340\000n\000g\000\040\000b\000u\036\331\000c\000\040\000t\000o\000\340\000n\000\040\000v\036\271\000n}{chapter.5}% 139
\BOOKMARK [1][]{section.5.9}{\376\377\0005\000.\0009\000\040\000C\000h\000u\036\251\000n\000\040\000h\000\363\000a\000\040\000d\036\357\000\040\000l\000i\036\307\000u}{chapter.5}% 140
\BOOKMARK [1][]{section.5.10}{\376\377\0005\000.\0001\0000\000\040\000C\000h\036\311\000\040\000m\036\345\000c\000\040\000v\000\340\000\040\000h\000i\036\307\000u\000\040\000n\001\003\000n\000g\000\040\000t\000r\000u\000y\000\040\000v\036\245\000n}{chapter.5}% 141
\BOOKMARK [1][]{section.5.11}{\376\377\0005\000.\0001\0001\000\040\000S\000a\000o\000\040\000l\001\260\000u\000\040\000v\000\340\000\040\000p\000h\036\345\000c\000\040\000h\036\323\000i}{chapter.5}% 142
\BOOKMARK [1][]{section.5.12}{\376\377\0005\000.\0001\0002\000\040\000K\036\277\000t\000\040\000l\000u\036\255\000n}{chapter.5}% 143
\BOOKMARK [0][]{chapter.6}{\376\377\0006\000\040\000H\000i\036\307\000n\000\040\000t\000h\036\361\000c\000,\000\040\000k\000i\036\303\000m\000\040\000t\000h\036\355\000\040\000v\000\340\000\040\001\021\000\341\000n\000h\000\040\000g\000i\000\341\000\040\000h\036\307\000\040\000t\000h\036\321\000n\000g}{}% 144
\BOOKMARK [1][]{section.6.1}{\376\377\0006\000.\0001\000\040\000G\000i\036\333\000i\000\040\000t\000h\000i\036\307\000u}{chapter.6}% 145
\BOOKMARK [1][]{section.6.2}{\376\377\0006\000.\0002\000\040\000M\000\364\000i\000\040\000t\000r\001\260\036\335\000n\000g\000\040\000h\000i\036\307\000n\000\040\000t\000h\036\361\000c\000\040\000v\000\340\000\040\000k\000i\036\303\000m\000\040\000t\000h\036\355}{chapter.6}% 146
\BOOKMARK [1][]{section.6.3}{\376\377\0006\000.\0003\000\040\000G\000i\000a\000o\000\040\000d\000i\036\307\000n\000\040\000x\000\341\000c\000\040\000t\000h\036\361\000c\000\040\000n\000g\001\260\036\335\000i\000\040\000d\000\371\000n\000g}{chapter.6}% 147
\BOOKMARK [2][]{subsection.6.3.1}{\376\377\0006\000.\0003\000.\0001\000\040\000G\000i\000a\000o\000\040\000d\000i\036\307\000n\000\040\001\021\001\003\000n\000g\000\040\000n\000h\036\255\000p}{section.6.3}% 148
\BOOKMARK [2][]{subsection.6.3.2}{\376\377\0006\000.\0003\000.\0002\000\040\000G\000i\000a\000o\000\040\000d\000i\036\307\000n\000\040\001\021\001\003\000n\000g\000\040\000k\000\375}{section.6.3}% 149
\BOOKMARK [1][]{section.6.4}{\376\377\0006\000.\0004\000\040\000D\000a\000s\000h\000b\000o\000a\000r\000d\000\040\000t\036\325\000n\000g\000\040\000q\000u\000a\000n}{chapter.6}% 150
\BOOKMARK [1][]{section.6.5}{\376\377\0006\000.\0005\000\040\000G\000i\000a\000o\000\040\000d\000i\036\307\000n\000\040\000q\000u\036\243\000n\000\040\000l\000\375\000\040\000d\036\361\000\040\000\341\000n}{chapter.6}% 151
\BOOKMARK [1][]{section.6.6}{\376\377\0006\000.\0006\000\040\000G\000i\000a\000o\000\040\000d\000i\036\307\000n\000\040\000q\000u\036\243\000n\000\040\000l\000\375\000\040\000h\036\343\000p\000\040\001\021\036\323\000n\000g\000\040\000v\000\340\000\040\000k\000\375\000\040\000q\000u\036\371}{chapter.6}% 152
\BOOKMARK [1][]{section.6.7}{\376\377\0006\000.\0007\000\040\000A\000I\000\040\000J\000o\000b\000\040\000A\000s\000s\000i\000s\000t\000a\000n\000t}{chapter.6}% 153
\BOOKMARK [1][]{section.6.8}{\376\377\0006\000.\0008\000\040\000G\000i\000a\000o\000\040\000d\000i\036\307\000n\000\040\000q\000u\036\243\000n\000\040\000l\000\375\000\040\000t\000h\000a\000n\000h\000\040\000t\000o\000\341\000n}{chapter.6}% 154
\BOOKMARK [1][]{section.6.9}{\376\377\0006\000.\0009\000\040\000G\000i\000a\000o\000\040\000d\000i\036\307\000n\000\040\000p\000h\000\342\000n\000\040\000t\000\355\000c\000h\000\040\000v\000\340\000\040\000t\000h\036\321\000n\000g\000\040\000k\000\352}{chapter.6}% 155
\BOOKMARK [2][]{subsection.6.9.1}{\376\377\0006\000.\0009\000.\0001\000\040\000T\000r\000u\000n\000g\000\040\000t\000\342\000m\000\040\000p\000h\000\342\000n\000\040\000t\000\355\000c\000h\000\040\000v\000\340\000\040\000b\000\341\000o\000\040\000c\000\341\000o}{section.6.9}% 156
\BOOKMARK [2][]{subsection.6.9.2}{\376\377\0006\000.\0009\000.\0002\000\040\000D\000a\000s\000h\000b\000o\000a\000r\000d\000\040\000t\000h\036\321\000n\000g\000\040\000k\000\352}{section.6.9}% 157
\BOOKMARK [1][]{section.6.10}{\376\377\0006\000.\0001\0000\000\040\000M\000a\000r\000k\000e\000t\000p\000l\000a\000c\000e\000\040\000d\036\313\000c\000h\000\040\000v\036\345\000\040\000A\000I}{chapter.6}% 158
\BOOKMARK [1][]{section.6.11}{\376\377\0006\000.\0001\0001\000\040\001\020\000\341\000n\000h\000\040\000g\000i\000\341\000\040\000t\000\355\000n\000h\000\040\000n\000h\036\245\000t\000\040\000q\000u\000\341\000n\000\040\000g\000i\000a\000o\000\040\000d\000i\036\307\000n}{chapter.6}% 159
\BOOKMARK [1][]{section.6.12}{\376\377\0006\000.\0001\0002\000\040\000K\000i\036\303\000m\000\040\000t\000h\036\355\000\040\000c\000h\036\351\000c\000\040\000n\001\003\000n\000g}{chapter.6}% 160
\BOOKMARK [1][]{section.6.13}{\376\377\0006\000.\0001\0003\000\040\000K\000i\036\303\000m\000\040\000t\000h\036\355\000\040\000t\000\355\000c\000h\000\040\000h\036\343\000p}{chapter.6}% 161
\BOOKMARK [1][]{section.6.14}{\376\377\0006\000.\0001\0004\000\040\000K\000i\036\303\000m\000\040\000t\000h\036\355\000\040\000g\000i\000a\000o\000\040\000d\000i\036\307\000n}{chapter.6}% 162
\BOOKMARK [1][]{section.6.15}{\376\377\0006\000.\0001\0005\000\040\001\020\000\341\000n\000h\000\040\000g\000i\000\341\000\040\000k\036\277\000t\000\040\000q\000u\036\243\000\040\000h\000i\036\307\000n\000\040\000t\000h\036\361\000c}{chapter.6}% 163
\BOOKMARK [2][]{subsection.6.15.1}{\376\377\0006\000.\0001\0005\000.\0001\000\040\001\257\000u\000\040\001\021\000i\036\303\000m}{section.6.15}% 164
\BOOKMARK [2][]{subsection.6.15.2}{\376\377\0006\000.\0001\0005\000.\0002\000\040\000H\036\241\000n\000\040\000c\000h\036\277}{section.6.15}% 165
\BOOKMARK [1][]{section.6.16}{\376\377\0006\000.\0001\0006\000\040\000K\036\277\000t\000\040\000l\000u\036\255\000n}{chapter.6}% 166
\BOOKMARK [0][]{chapter.7}{\376\377\0007\000\040\000K\036\277\000t\000\040\000l\000u\036\255\000n\000\040\000v\000\340\000\040\000h\001\260\036\333\000n\000g\000\040\000p\000h\000\341\000t\000\040\000t\000r\000i\036\303\000n}{}% 167
\BOOKMARK [1][]{section.7.1}{\376\377\0007\000.\0001\000\040\000G\000i\036\333\000i\000\040\000t\000h\000i\036\307\000u}{chapter.7}% 168
\BOOKMARK [1][]{section.7.2}{\376\377\0007\000.\0002\000\040\000K\036\277\000t\000\040\000q\000u\036\243\000\040\001\021\036\241\000t\000\040\001\021\001\260\036\343\000c}{chapter.7}% 169
\BOOKMARK [2][]{subsection.7.2.1}{\376\377\0007\000.\0002\000.\0001\000\040\000H\000o\000\340\000n\000\040\000t\000h\000\340\000n\000h\000\040\000k\000h\036\243\000o\000\040\000s\000\341\000t\000\040\000v\000\340\000\040\000p\000h\000\342\000n\000\040\000t\000\355\000c\000h\000\040\000y\000\352\000u\000\040\000c\036\247\000u}{section.7.2}% 170
\BOOKMARK [2][]{subsection.7.2.2}{\376\377\0007\000.\0002\000.\0002\000\040\000H\000o\000\340\000n\000\040\000t\000h\000\340\000n\000h\000\040\000t\000h\000i\036\277\000t\000\040\000k\036\277\000\040\000h\036\307\000\040\000t\000h\036\321\000n\000g}{section.7.2}% 171
\BOOKMARK [2][]{subsection.7.2.3}{\376\377\0007\000.\0002\000.\0003\000\040\000H\000i\036\307\000n\000\040\000t\000h\036\361\000c\000\040\000h\036\307\000\040\000t\000h\036\321\000n\000g}{section.7.2}% 172
\BOOKMARK [2][]{subsection.7.2.4}{\376\377\0007\000.\0002\000.\0004\000\040\000K\000i\036\303\000m\000\040\000t\000h\036\355\000\040\000h\036\307\000\040\000t\000h\036\321\000n\000g}{section.7.2}% 173
\BOOKMARK [1][]{section.7.3}{\376\377\0007\000.\0003\000\040\001\020\000\341\000n\000h\000\040\000g\000i\000\341\000\040\000h\036\307\000\040\000t\000h\036\321\000n\000g}{chapter.7}% 174
\BOOKMARK [2][]{subsection.7.3.1}{\376\377\0007\000.\0003\000.\0001\000\040\001\257\000u\000\040\001\021\000i\036\303\000m}{section.7.3}% 175
\BOOKMARK [2][]{subsection.7.3.2}{\376\377\0007\000.\0003\000.\0002\000\040\000H\036\241\000n\000\040\000c\000h\036\277}{section.7.3}% 176
\BOOKMARK [1][]{section.7.4}{\376\377\0007\000.\0004\000\040\000H\001\260\036\333\000n\000g\000\040\000p\000h\000\341\000t\000\040\000t\000r\000i\036\303\000n}{chapter.7}% 177
\BOOKMARK [2][]{subsection.7.4.1}{\376\377\0007\000.\0004\000.\0001\000\040\000P\000h\000\341\000t\000\040\000t\000r\000i\036\303\000n\000\040\000c\000h\036\351\000c\000\040\000n\001\003\000n\000g\000\040\000A\000I}{section.7.4}% 178
\BOOKMARK [2][]{subsection.7.4.2}{\376\377\0007\000.\0004\000.\0002\000\040\000M\036\337\000\040\000r\036\331\000n\000g\000\040\000n\000g\000h\000i\036\307\000p\000\040\000v\036\345}{section.7.4}% 179
\BOOKMARK [2][]{subsection.7.4.3}{\376\377\0007\000.\0004\000.\0003\000\040\000M\036\337\000\040\000r\036\331\000n\000g\000\040\000h\036\307\000\040\000t\000h\036\321\000n\000g}{section.7.4}% 180
\BOOKMARK [2][]{subsection.7.4.4}{\376\377\0007\000.\0004\000.\0004\000\040\000M\036\337\000\040\000r\036\331\000n\000g\000\040\000n\036\301\000n\000\040\000t\036\243\000n\000g}{section.7.4}% 181
\BOOKMARK [1][]{section.7.5}{\376\377\0007\000.\0005\000\040\000B\000\340\000i\000\040\000h\036\315\000c\000\040\000k\000i\000n\000h\000\040\000n\000g\000h\000i\036\307\000m}{chapter.7}% 182
\BOOKMARK [1][]{section.7.6}{\376\377\0007\000.\0006\000\040\000K\036\277\000t\000\040\000l\000u\036\255\000n}{chapter.7}% 183
\BOOKMARK [0][]{chapter*.28}{\376\377\000T\000\340\000i\000\040\000l\000i\036\307\000u\000\040\000t\000h\000a\000m\000\040\000k\000h\036\243\000o}{}% 184
\BOOKMARK [0][]{chapter*.29}{\376\377\000T\000\340\000i\000\040\000l\000i\036\307\000u\000\040\000t\000h\000a\000m\000\040\000k\000h\036\243\000o}{}% 185
\BOOKMARK [0][]{appendix.A}{\376\377\000A\000\040\000H\001\260\036\333\000n\000g\000\040\000d\036\253\000n\000\040\000b\000i\000\352\000n\000\040\000d\036\313\000c\000h\000\040\000t\000\340\000i\000\040\000l\000i\036\307\000u}{}% 186
\BOOKMARK [1][]{section.A.1}{\376\377\000A\000.\0001\000\040\000B\000i\000\352\000n\000\040\000d\036\313\000c\000h\000\040\000b\036\261\000n\000g\000\040\000X\000e\000L\000a\000T\000e\000X}{appendix.A}% 187
\BOOKMARK [1][]{section.A.2}{\376\377\000A\000.\0002\000\040\000C\036\245\000u\000\040\000t\000r\000\372\000c\000\040\000t\000h\001\260\000\040\000m\036\345\000c}{appendix.A}% 188
